<?xml version="1.0" encoding="UTF-8"?>
<!-- Generated by org.testng.reporters.JUnitXMLReporter -->
<testsuite ignored="1" hostname="NEHAL0001" failures="0" tests="2" name="Car Loan" time="0.042" errors="0" timestamp="2022-01-08T16:01:39 IST">
  <testcase classname="javaTpoint.Car_loan" name="APILoginCarLoan" time="0.005"/>
  <testcase classname="javaTpoint.Car_loan" name="MobileLoginCarLoan" time="0.004"/>
  <testcase classname="javaTpoint.Car_loan" name="WebLoginCarLoan" time="0.0">
    <ignored/>
  </testcase> <!-- WebLoginCarLoan -->
</testsuite> <!-- Car Loan -->
