<?xml version="1.0" encoding="UTF-8"?>
<!-- Generated by org.testng.reporters.JUnitXMLReporter -->
<testsuite ignored="1" hostname="NEHAL0001" failures="0" tests="2" name="Home Loan" time="0.025" errors="0" timestamp="2022-01-08T16:01:38 IST">
  <testcase classname="javaTpoint.Home_loan" name="APILoginHomeLoan" time="0.005"/>
  <testcase classname="javaTpoint.Home_loan" name="MobileLoginHomeLoan" time="0.005"/>
  <testcase classname="javaTpoint.Home_loan" name="WebLoginHomeLoan" time="0.0">
    <ignored/>
  </testcase> <!-- WebLoginHomeLoan -->
</testsuite> <!-- Home Loan -->
