<?xml version="1.0" encoding="UTF-8"?>
<!-- Generated by org.testng.reporters.JUnitXMLReporter -->
<testsuite ignored="1" hostname="NEHAL0001" failures="0" tests="2" name="Personal Load" time="0.106" errors="0" timestamp="2022-01-08T16:01:38 IST">
  <testcase classname="javaTpoint.Personal_loan" name="APILoginPersonalLoan" time="0.019"/>
  <testcase classname="javaTpoint.Personal_loan" name="MobileLoginPersonalLoan" time="0.005"/>
  <testcase classname="javaTpoint.Personal_loan" name="WebLoginPersonalLoan" time="0.0">
    <ignored/>
  </testcase> <!-- WebLoginPersonalLoan -->
</testsuite> <!-- Personal Load -->
