<?xml version="1.0" encoding="UTF-8"?>
<!-- Generated by org.testng.reporters.JUnitXMLReporter -->
<testsuite ignored="0" hostname="NEHAL0001" failures="0" tests="9" name="Test" time="0.263" errors="0" timestamp="2022-01-08T15:34:15 IST">
  <testcase classname="javaTpoint.Car_loan" name="APILoginCarLoan" time="0.018"/>
  <testcase classname="javaTpoint.Car_loan" name="MobileLoginCarLoan" time="0.006"/>
  <testcase classname="javaTpoint.Car_loan" name="WebLoginCarLoan" time="0.007"/>
  <testcase classname="javaTpoint.Home_loan" name="APILoginHomeLoan" time="0.005"/>
  <testcase classname="javaTpoint.Home_loan" name="MobileLoginHomeLoan" time="0.004"/>
  <testcase classname="javaTpoint.Home_loan" name="WebLoginHomeLoan" time="0.013"/>
  <testcase classname="javaTpoint.Personal_loan" name="APILoginPersonalLoan" time="0.021"/>
  <testcase classname="javaTpoint.Personal_loan" name="MobileLoginPersonalLoan" time="0.004"/>
  <testcase classname="javaTpoint.Personal_loan" name="WebLoginPersonalLoan" time="0.005"/>
</testsuite> <!-- Test -->
