<?xml version="1.0" encoding="UTF-8"?>
<!-- Generated by org.testng.reporters.JUnitXMLReporter -->
<testsuite ignored="2" hostname="NEHAL0001" failures="0" tests="4" name="Test" time="0.186" errors="0" timestamp="2022-01-08T15:15:48 IST">
  <testcase classname="day1.Module2" name="APILoginCarLoan" time="0.02"/>
  <testcase classname="day1.Module2" name="MobileLoginCarLoan" time="0.006"/>
  <testcase classname="day1.Module1" name="test1" time="0.005"/>
  <testcase classname="day1.Module1" name="test2" time="0.004"/>
  <testcase classname="day1.Module2" name="webLogin" time="0.0">
    <ignored/>
  </testcase> <!-- webLogin -->
  <testcase classname="day1.Module2" name="webLoginCarLoan" time="0.0">
    <ignored/>
  </testcase> <!-- webLoginCarLoan -->
</testsuite> <!-- Test -->
